1554556220653	mozrunner::runner	INFO	Running command: "C:\\Program Files\\Mozilla Firefox\\firefox.exe" "-marionette" "-foreground" "-no-remote" "-profile" "C:\\Users\\solan\\AppData\\Local\\Temp\\rust_mozprofile.5l85YfHH9B9b"
1554556221317	addons.webextension.screenshots@mozilla.org	WARN	Loading extension 'screenshots@mozilla.org': Reading manifest: Invalid extension permission: mozillaAddons
1554556221318	addons.webextension.screenshots@mozilla.org	WARN	Loading extension 'screenshots@mozilla.org': Reading manifest: Invalid extension permission: resource://pdf.js/
1554556221318	addons.webextension.screenshots@mozilla.org	WARN	Loading extension 'screenshots@mozilla.org': Reading manifest: Invalid extension permission: about:reader*
1554556224679	Marionette	INFO	Listening on port 50421
1554556224995	Marionette	WARN	TLS certificate errors will be ignored for this session
JavaScript error: resource://gre/modules/WebProgressChild.jsm, line 61: TypeError: this.mm.content is null

###!!! [Child][RunMessage] Error: Channel closing: too late to send/recv, messages will be lost

[Parent 11412, Gecko_IOThread] WARNING: pipe error: 109: file z:/build/build/src/ipc/chromium/src/chrome/common/ipc_channel_win.cc, line 332
1554556251635	Marionette	INFO	Stopped listening on port 50421

###!!! [Child][MessageChannel::SendAndWait] Error: Channel error: cannot send/recv

1554556263785	mozrunner::runner	INFO	Running command: "C:\\Program Files\\Mozilla Firefox\\firefox.exe" "-marionette" "-foreground" "-no-remote" "-profile" "C:\\Users\\solan\\AppData\\Local\\Temp\\rust_mozprofile.Pylgr740HOO6"
1554556264370	addons.webextension.screenshots@mozilla.org	WARN	Loading extension 'screenshots@mozilla.org': Reading manifest: Invalid extension permission: mozillaAddons
1554556264371	addons.webextension.screenshots@mozilla.org	WARN	Loading extension 'screenshots@mozilla.org': Reading manifest: Invalid extension permission: resource://pdf.js/
1554556264371	addons.webextension.screenshots@mozilla.org	WARN	Loading extension 'screenshots@mozilla.org': Reading manifest: Invalid extension permission: about:reader*
1554556267645	Marionette	INFO	Listening on port 50499
1554556267773	Marionette	WARN	TLS certificate errors will be ignored for this session
[Parent 11104, Gecko_IOThread] WARNING: pipe error: 109: file z:/build/build/src/ipc/chromium/src/chrome/common/ipc_channel_win.cc, line 332
[Child 3948, Chrome_ChildThread] WARNING: pipe error: 109: file z:/build/build/src/ipc/chromium/src/chrome/common/ipc_channel_win.cc, line 332
[Child 3948, Chrome_ChildThread] WARNING: pipe error: 109: file z:/build/build/src/ipc/chromium/src/chrome/common/ipc_channel_win.cc, line 332

###!!! [Child][RunMessage] Error: Channel closing: too late to send/recv, messages will be lost


###!!! [Child][RunMessage] Error: Channel closing: too late to send/recv, messages will be lost


###!!! [Child][RunMessage] Error: Channel closing: too late to send/recv, messages will be lost


###!!! [Child][RunMessage] Error: Channel closing: too late to send/recv, messages will be lost

[Parent 11104, Gecko_IOThread] WARNING: pipe error: 109: file z:/build/build/src/ipc/chromium/src/chrome/common/ipc_channel_win.cc, line 332
[Parent 11104, Gecko_IOThread] WARNING: pipe error: 109: file z:/build/build/src/ipc/chromium/src/chrome/common/ipc_channel_win.cc, line 332
1554556361668	Marionette	INFO	Stopped listening on port 50499
[GPU 11772, Chro
###!!! [Child][MessageChannel::SendAndWait] Error: Channel error: cannot send/recv

1554556590060	mozrunner::runner	INFO	Running command: "C:\\Program Files\\Mozilla Firefox\\firefox.exe" "-marionette" "-foreground" "-no-remote" "-profile" "C:\\Users\\solan\\AppData\\Local\\Temp\\rust_mozprofile.XUJVqk47lxfD"
1554556590581	addons.webextension.screenshots@mozilla.org	WARN	Loading extension 'screenshots@mozilla.org': Reading manifest: Invalid extension permission: mozillaAddons
1554556590581	addons.webextension.screenshots@mozilla.org	WARN	Loading extension 'screenshots@mozilla.org': Reading manifest: Invalid extension permission: resource://pdf.js/
1554556590581	addons.webextension.screenshots@mozilla.org	WARN	Loading extension 'screenshots@mozilla.org': Reading manifest: Invalid extension permission: about:reader*
1554556593033	Marionette	INFO	Listening on port 50814
1554556593360	Marionette	WARN	TLS certificate errors will be ignored for this session
[Parent 11008, Gecko_IOThread] WARNING: pipe error: 109: file z:/build/build/src/ipc/chromium/src/chrome/common/ipc_channel_win.cc, line 332
[Parent 11008, Gecko_IOThread] WARNING: pipe error: 109: file z:/build/build/src/ipc/chromium/src/chrome/common/ipc_channel_win.cc, line 332
[Parent 11008, Gecko_IOThread] WARNING: pipe error: 109: file z:/build/build/src/ipc/chromium/src/chrome/common/ipc_channel_win.cc, line 332
1554556616936	Marionette	INFO	Stopped listening on port 50814

###!!! [Child][RunMessage] Error: Channel closing: too late to send/recv, messages will be lost

[GPU 12100, Chrome_ChildThread] WARN
###!!! [Child][MessageChannel::SendAndWait] Error: Channel error: cannot send/recv

1554556650416	mozrunner::runner	INFO	Running command: "C:\\Program Files\\Mozilla Firefox\\firefox.exe" "-marionette" "-foreground" "-no-remote" "-profile" "C:\\Users\\solan\\AppData\\Local\\Temp\\rust_mozprofile.mcplHorFdSIG"
1554556650866	addons.webextension.screenshots@mozilla.org	WARN	Loading extension 'screenshots@mozilla.org': Reading manifest: Invalid extension permission: mozillaAddons
1554556650867	addons.webextension.screenshots@mozilla.org	WARN	Loading extension 'screenshots@mozilla.org': Reading manifest: Invalid extension permission: resource://pdf.js/
1554556650867	addons.webextension.screenshots@mozilla.org	WARN	Loading extension 'screenshots@mozilla.org': Reading manifest: Invalid extension permission: about:reader*
1554556653070	Marionette	INFO	Listening on port 50896
1554556653345	Marionette	WARN	TLS certificate errors will be ignored for this session
[Parent 2928, Gecko_IOThread] WARNING: pipe error: 109: file z:/build/build/src/ipc/chromium/src/chrome/common/ipc_channel_win.cc, line 332
[Parent 2928, Gecko_IOThread] WARNING: pipe error: 109: file z:/build/build/src/ipc/chromium/src/chrome/common/ipc_channel_win.cc, line 332
[Child 7056, Chrome_ChildThread] WARNING: pipe error: 109: file z:/build/build/src/ipc/chromium/src/chrome/common/ipc_channel_win.cc, line 332
[Child 7056, Chrome_ChildThread] WARNING: pipe error: 109: file z:/build/build/src/ipc/chromium/src/chrome/common/ipc_channel_win.cc, line 332
[Child 8912, Chrome_ChildThread] WARNING: pipe error: 109: file z:/build/build/src/ipc/chromium/src/chrome/common/ipc_channel_win.cc, line 332
[Child 8912, Chrome_ChildThread] WARNING: pipe error: 109: file z:/build/build/src/ipc/chromium/src/chrome/common/ipc_channel_win.cc, line 332
1554556710419	Marionette	INFO	Stopped listening on port 50896

###!!! [Child][RunMessage] Error: Channel closing: too late to send/recv, messages will be lost

[GPU 10136, Chrome_ChildThread] WARNING: pipe error: 109: file z:/build/build/src/ipc/chromium/src/chrome/common/ipc_channel_win.cc, line 332

###!!! [Child][MessageChannel::SendAndWait] Error: Channel error: cannot send/recv

1554557379255	mozrunner::runner	INFO	Running command: "C:\\Program Files\\Mozilla Firefox\\firefox.exe" "-marionette" "-foreground" "-no-remote" "-profile" "C:\\Users\\solan\\AppData\\Local\\Temp\\rust_mozprofile.npbCMF5pBwNz"
1554557379697	addons.webextension.screenshots@mozilla.org	WARN	Loading extension 'screenshots@mozilla.org': Reading manifest: Invalid extension permission: mozillaAddons
1554557379698	addons.webextension.screenshots@mozilla.org	WARN	Loading extension 'screenshots@mozilla.org': Reading manifest: Invalid extension permission: resource://pdf.js/
1554557379698	addons.webextension.screenshots@mozilla.org	WARN	Loading extension 'screenshots@mozilla.org': Reading manifest: Invalid extension permission: about:reader*
1554557381706	Marionette	INFO	Listening on port 51185
1554557382008	Marionette	WARN	TLS certificate errors will be ignored for this session
[Parent 7808, Gecko_IOThread] WARNING: pipe error: 109: file z:/build/build/src/ipc/chromium/src/chrome/common/ipc_channel_win.cc, line 332
[Parent 7808, Gecko_IOThread] WARNING: pipe error: 109: file z:/build/build/src/ipc/chromium/src/chrome/common/ipc_channel_win.cc, line 332
[Child 5668, Chrome_ChildThread] WARNING: pipe error: 109: file z:/build/build/src/ipc/chromium/src/chrome/common/ipc_channel_win.cc, line 332
[Child 11004, Chrome_ChildThread] WARNING: pipe error: 109: file z:/build/build/src/ipc/chromium/src/chrome/common/ipc_channel_win.cc, line 332
[Parent 7808, Gecko_IOThread] WARNING: pipe error: 109: file z:/build/build/src/ipc/chromium/src/chrome/common/ipc_channel_win.cc, line 332
[Child 10004, Chrome_ChildThread] WARNING: pipe error: 109: file z:/build/build/src/ipc/chromium/src/chrome/common/ipc_channel_win.cc, line 332
[Child 10004, Chrome_ChildThread] WARNING: pipe error: 109: file z:/build/build/src/ipc/chromium/src/chrome/common/ipc_channel_win.cc, line 332
1554557411432	Marionette	INFO	Stopped listening on port 51185

###!!! [Child][RunMessage] Error: Channel closing: too late to send/recv, messages will be lost

[GPU 4464, Chrome_ChildThread] WARNING: 
###!!! [Child][MessageChannel::SendAndWait] Error: Channel error: cannot send/recv

1554557416956	mozrunner::runner	INFO	Running command: "C:\\Program Files\\Mozilla Firefox\\firefox.exe" "-marionette" "-foreground" "-no-remote" "-profile" "C:\\Users\\solan\\AppData\\Local\\Temp\\rust_mozprofile.QmhHCpFCchZ6"
1554557417422	addons.webextension.screenshots@mozilla.org	WARN	Loading extension 'screenshots@mozilla.org': Reading manifest: Invalid extension permission: mozillaAddons
1554557417422	addons.webextension.screenshots@mozilla.org	WARN	Loading extension 'screenshots@mozilla.org': Reading manifest: Invalid extension permission: resource://pdf.js/
1554557417422	addons.webextension.screenshots@mozilla.org	WARN	Loading extension 'screenshots@mozilla.org': Reading manifest: Invalid extension permission: about:reader*
1554557419587	Marionette	INFO	Listening on port 51263
1554557419751	Marionette	WARN	TLS certificate errors will be ignored for this session
JavaScript error: resource://gre/modules/WebProgressChild.jsm, line 61: TypeError: this.mm.content is null
[Parent 9636, Gecko_IOThread] WARNING: pipe error: 109: file z:/build/build/src/ipc/chromium/src/chrome/common/ipc_channel_win.cc, line 332
[Child 600, Chrome_ChildThread] WARNING: pipe error: 109: file z:/build/build/src/ipc/chromium/src/chrome/common/ipc_channel_win.cc, line 332
[Child 600, Chrome_ChildThread] WARNING: pipe error: 109: file z:/build/build/src/ipc/chromium/src/chrome/common/ipc_channel_win.cc, line 332
1554557446900	Marionette	INFO	Stopped listening on port 51263

###!!! [Child][RunMessage] Error: Channel closing: too late to send/recv, messages will be lost

[GPU 9920, Chrome_ChildThread] WARNING: p
###!!! [Child][MessageChannel::SendAndWait] Error: Channel error: cannot send/recv

1554557450600	mozrunner::runner	INFO	Running command: "C:\\Program Files\\Mozilla Firefox\\firefox.exe" "-marionette" "-foreground" "-no-remote" "-profile" "C:\\Users\\solan\\AppData\\Local\\Temp\\rust_mozprofile.P4KplBC7a7DR"
1554557451035	addons.webextension.screenshots@mozilla.org	WARN	Loading extension 'screenshots@mozilla.org': Reading manifest: Invalid extension permission: mozillaAddons
1554557451035	addons.webextension.screenshots@mozilla.org	WARN	Loading extension 'screenshots@mozilla.org': Reading manifest: Invalid extension permission: resource://pdf.js/
1554557451036	addons.webextension.screenshots@mozilla.org	WARN	Loading extension 'screenshots@mozilla.org': Reading manifest: Invalid extension permission: about:reader*
1554557453134	Marionette	INFO	Listening on port 51331
1554557453406	Marionette	WARN	TLS certificate errors will be ignored for this session
[Parent 4696, Gecko_IOThread] WARNING: pipe error: 109: file z:/build/build/src/ipc/chromium/src/chrome/common/ipc_channel_win.cc, line 332
[Child 3364, Chrome_ChildThread] WARNING: pipe error: 109: file z:/build/build/src/ipc1554557498848	addons.webextension.screenshots@mozilla.org	WARN	Loading extension 'screenshots@mozilla.org': Reading manifest: Invalid extension permission: mozillaAddons
1554557498849	addons.webextension.screenshots@mozilla.org	WARN	Loading extension 'screenshots@mozilla.org': Reading manifest: Invalid extension permission: resource://pdf.js/
1554557498849	addons.webextension.screenshots@mozilla.org	WARN	Loading extension 'screenshots@mozilla.org': Reading manifest: Invalid extension permission: about:reader*
1554557501329	Marionette	INFO	Listening on port 51448
1554557501435	Marionette	WARN	TLS certificate errors will be ignored for this session
[Parent 8204, Gecko_IOThread] WARNING: pipe error: 109: file z:/build/build/src/ipc/chromium/src/chrome/common/ipc_channel_win.cc, line 332
1554557630476	Marionette	INFO	Stopped listening on port 51448
[GPU 4624, Chrome_ChildThread] WARNING: pipe error: 109: file z:/build/build/src/ipc/chromium/src/chrome/common/ipc_channel_win.cc, line 332

###!!! [Child][RunMessage] Error: Channel closing: too late to send/recv, messages will be lost


###!!! [Child][MessageChannel::SendAndWait] Error: Channel error: cannot send/recv

1554563406417	mozrunner::runner	INFO	Running command: "C:\\Program Files\\Mozilla Firefox\\firefox.exe" "-marionette" "-foreground" "-no-remote" "-profile" "C:\\Users\\solan\\AppData\\Local\\Temp\\rust_mozprofile.YgUplNaFsD2O"
1554563406886	addons.webextension.screenshots@mozilla.org	WARN	Loading extension 'screenshots@mozilla.org': Reading manifest: Invalid extension permission: mozillaAddons
1554563406887	addons.webextension.screenshots@mozilla.org	WARN	Loading extension 'screenshots@mozilla.org': Reading manifest: Invalid extension permission: resource://pdf.js/
1554563406887	addons.webextension.screenshots@mozilla.org	WARN	Loading extension 'screenshots@mozilla.org': Reading manifest: Invalid extension permission: about:reader*
1554563409194	Marionette	INFO	Listening on port 51763
1554563409220	Marionette	WARN	TLS certificate errors will be ignored for this session
[Parent 11464, Gecko_IOThread] WARNING: pipe error: 109: file z:/build/build/src/ipc/chromium/src/chrome/common/ipc_channel_win.cc, line 332
1554563454561	Marionette	INFO	Stopped listening on port 51763
[GPU 5028, Chrome_ChildThread] WARNING: pipe error: 109: file z:/build/build/src/ipc/chromium/src/chrome/common/ipc_channel_win.cc, line 332

###!!! [Child][RunMessage] Error: Channel closing: too late to send/recv, messages will be lost


###!!! [Child][MessageChannel::SendAndWait] Error: Channel error: cannot send/recv

1554563512055	mozrunner::runner	INFO	Running command: "C:\\Program Files\\Mozilla Firefox\\firefox.exe" "-marionette" "-foreground" "-no-remote" "-profile" "C:\\Users\\solan\\AppData\\Local\\Temp\\rust_mozprofile.VvLiCTXU1iiT"
1554563512498	addons.webextension.screenshots@mozilla.org	WARN	Loading extension 'screenshots@mozilla.org': Reading manifest: Invalid extension permission: mozillaAddons
1554563512498	addons.webextension.screenshots@mozilla.org	WARN	Loading extension 'screenshots@mozilla.org': Reading manifest: Invalid extension permission: resource://pdf.js/
1554563512498	addons.webextension.screenshots@mozilla.org	WARN	Loading extension 'screenshots@mozilla.org': Reading manifest: Invalid extension permission: about:reader*
1554563514590	Marionette	INFO	Listening on port 51913
1554563514832	Marionette	WARN	TLS certificate errors will be ignored for this session
[Child 8680, Chrome_ChildThread] WARNING: pipe error: 109: file z:/build/build/src/ipc/chromium/src/chrome/common/ipc_channel_win.cc, line 332
1554563557983	Marionette	INFO	Stopped listening on port 51913

###!!! [Child][MessageChannel::SendAndWait] Error: Channel error: cannot send/recv

1554563562256	mozrunner::runner	INFO	Running command: "C:\\Program Files\\Mozilla Firefox\\firefox.exe" "-marionette" "-foreground" "-no-remote" "-profile" "C:\\Users\\solan\\AppData\\Local\\Temp\\rust_mozprofile.fmwUgswSIFht"
1554563562698	addons.webextension.screenshots@mozilla.org	WARN	Loading extension 'screenshots@mozilla.org': Reading manifest: Invalid extension permission: mozillaAddons
1554563562699	addons.webextension.screenshots@mozilla.org	WARN	Loading extension 'screenshots@mozilla.org': Reading manifest: Invalid extension permission: resource://pdf.js/
1554563562699	addons.webextension.screenshots@mozilla.org	WARN	Loading extension 'screenshots@mozilla.org': Reading manifest: Invalid extension permission: about:reader*
1554563564990	Marionette	INFO	Listening on port 52044
1554563565020	Marionette	WARN	TLS certificate errors will be ignored for this session
[Parent 5616, Gecko_IOThread] WARNING: pipe error: 109: file z:/build/build/src/ipc/chromium/src/chrome/common/ipc_channel_win.cc, line 332
1554563589560	Marionette	INFO	Stopped listening on port 52044
[GPU 10144, Chrome_ChildThread] WARNING: pipe error: 109: file z:/build/bu
###!!! [Child][RunMessage] Error: Channel closing: too late to send/recv, messages will be lost


###!!! [Child][MessageChannel::SendAndWait] Error: Channel error: cannot send/recv

1554563594005	mozrunner::runner	INFO	Running command: "C:\\Program Files\\Mozilla Firefox\\firefox.exe" "-marionette" "-foreground" "-no-remote" "-profile" "C:\\Users\\solan\\AppData\\Local\\Temp\\rust_mozprofile.7n5PbsY9bnKg"
1554563594434	addons.webextension.screenshots@mozilla.org	WARN	Loading extension 'screenshots@mozilla.org': Reading manifest: Invalid extension permission: mozillaAddons
1554563594435	addons.webextension.screenshots@mozilla.org	WARN	Loading extension 'screenshots@mozilla.org': Reading manifest: Invalid extension permission: resource://pdf.js/
1554563594435	addons.webextension.screenshots@mozilla.org	WARN	Loading extension 'screenshots@mozilla.org': Reading manifest: Invalid extension permission: about:reader*
1554563596518	Marionette	INFO	Listening on port 52155
1554563596781	Marionette	WARN	TLS certificate errors will be ignored for this session
JavaScript error: resource://gre/modules/WebProgressChild.jsm, line 61: TypeError: this.mm.content is null
[Parent 6004, Gecko_IOThread] WARNING: pipe error: 109: file z:/build/build/src/ipc/chromium/src/chrome/common/ipc_channel_win.cc, line 332
1554563697413	Marionette	INFO	Stopped listening on port 52155
[GPU 1648, Chrome_ChildThread] WARNING: pipe error: 109: f
###!!! [Child][RunMessage] Error: Channel closing: too late to send/recv, messages will be lost


###!!! [Child][MessageChannel::SendAndWait] Error: Channel error: cannot send/recv

1554564236601	mozrunner::runner	INFO	Running command: "C:\\Program Files\\Mozilla Firefox\\firefox.exe" "-marionette" "-foreground" "-no-remote" "-profile" "C:\\Users\\solan\\AppData\\Local\\Temp\\rust_mozprofile.eOf2nZNve4ct"
1554564237048	addons.webextension.screenshots@mozilla.org	WARN	Loading extension 'screenshots@mozilla.org': Reading manifest: Invalid extension permission: mozillaAddons
1554564237048	addons.webextension.screenshots@mozilla.org	WARN	Loading extension 'screenshots@mozilla.org': Reading manifest: Invalid extension permission: resource://pdf.js/
1554564237048	addons.webextension.screenshots@mozilla.org	WARN	Loading extension 'screenshots@mozilla.org': Reading manifest: Invalid extension permission: about:reader*
1554564239061	Marionette	INFO	Listening on port 52425
1554564239391	Marionette	WARN	TLS certificate errors will be ignored for this session
1554564270352	mozrunner::runner	INFO	Running command: "C:\\Program Files\\Mozilla Firefox\\firefox.exe" "-marionette" "-foreground" "-no-remote" "-profile" "C:\\Users\\solan\\AppData\\Local\\Temp\\rust_mozprofile.W9XNKxN233dp"
1554564270802	addons.webextension.screenshots@mozilla.org	WARN	Loading extension 'screenshots@mozilla.org': Reading manifest: Invalid extension permission: mozillaAddons
1554564270803	addons.webextension.screenshots@mozilla.org	WARN	Loading extension 'screenshots@mozilla.org': Reading manifest: Invalid extension permission: resource://pdf.js/
1554564270803	addons.webextension.screenshots@mozilla.org	WARN	Loading extension 'screenshots@mozilla.org': Reading manifest: Invalid extension permission: about:reader*
1554564272695	Marionette	INFO	Listening on port 52549
1554564273127	Marionette	WARN	TLS certificate errors will be ignored for this session
[Parent 6108, Gecko_IOThread] WARNING: pipe error: 109: file z:/build/build/src/ipc/chromium/src/chrome/common/ipc_channel_win.cc, line 332
[Parent 6108, Gecko_IOThread] WARNING: pipe error: 109: file z:/build/build/src/ipc/chromium/src/chrome/common/ipc_channel_win.cc, line 332
1554564344191	Marionette	INFO	Stopped listening on port 52549

###!!! [Child][RunMessage] Error: Channel closing: too late to send/recv, messages will be lost

[GPU 9184, Chrome_ChildThread] WARNING: pi
###!!! [Child][MessageChannel::SendAndWait] Error: Channel error: cannot send/recv

1554564348966	mozrunner::runner	INFO	Running command: "C:\\Program Files\\Mozilla Firefox\\firefox.exe" "-marionette" "-foreground" "-no-remote" "-profile" "C:\\Users\\solan\\AppData\\Local\\Temp\\rust_mozprofile.imfn0zs9UmKT"
1554564349402	addons.webextension.screenshots@mozilla.org	WARN	Loading extension 'screenshots@mozilla.org': Reading manifest: Invalid extension permission: mozillaAddons
1554564349403	addons.webextension.screenshots@mozilla.org	WARN	Loading extension 'screenshots@mozilla.org': Reading manifest: Invalid extension permission: resource://pdf.js/
1554564349403	addons.webextension.screenshots@mozilla.org	WARN	Loading extension 'screenshots@mozilla.org': Reading manifest: Invalid extension permission: about:reader*
1554564351384	Marionette	INFO	Listening on port 52687
1554564351767	Marionette	WARN	TLS certificate errors will be ignored for this session
console.error: BroadcastService: 
  receivedBroadcastMessage: handler for
  remote-settings/monitor_changes
  threw error:
  Message: Error: Polling for changes failed: NetworkError when attempting to fetch resource..
  Stack:
    remoteSettingsFunction/remoteSettings.pollChanges@resource://services-settings/remote-settings.js:190:13

[Child 2868, Chrome_ChildThread] WARNING: pipe error: 109: file z:/build/build/src/ipc/chromium/src/chrome/common/ipc_channel_win.cc, line 332
[Child 2868, Chrome_ChildThread] WARNING: pipe error: 109: file z:/build/build/src/ipc/chromium/src/chrome/common/ipc_channel_win.cc, line 332
[Parent 5532, Gecko_IOThread] WARNING: pipe error: 109: file z:/build/build/src/ipc/chromium/src/chrome/common/ipc_channel_win.cc, line 332
JavaScript error: resource://gre/modules/WebProgressChild.jsm, line 61: TypeError: this.mm.content is null
[Child 7572, Chrome_ChildThread] WARNING: pipe error: 109: file z:/build/build/src/ipc/chromium/src/chrome/common/ipc_channel_win.cc, line 332
[Child 7572, Chrome_ChildThread] WARNI
###!!! [Child][RunMessage] Error: Channel closing: too late to send/recv, messages will be lost

NG: pipe error: 109: file z:/build/build/src/ipc/chromium/src/chrome/common/ipc_channel_win.cc, line 332

###!!! [Child][RunMessage] Error: Channel closing: too late to send/recv, messages will be lost


###!!! [Child][RunMessage] Error: Channel closing: too late to send/recv, messages will be lost

[Child 5328, Chrome_ChildThread] WARNING: pipe error: 109: file z:/build/build/src/ipc/chromium/src/chrome/common/ipc_channel_win.cc, line 332
[Child 5328, Chrome_ChildThread] WARNING: pipe error: 109: file z:/build/build/src/ipc/chromium/src/chrome/common/ipc_channel_win.cc, line 332
1554565498942	Marionette	INFO	Stopped listening on port 52687

###!!! [Child][MessageChannel::SendAndWait] Error: Channel error: cannot send/recv

: cannot send/recv


###!!! [Child][RunMessage] Error: Channel error: cannot send/recv

[Parent 11116, Gecko_IOThread] WARNING: pipe error: 109: file z:/build/build/src/ipc/chromium/src/chrome/common/ipc_channel_win.cc, line 332
[Child 3384, Chrome_ChildThread] WARNING: pipe error: 109: file z:/build/build/src/ipc/chromium/src/chrome/common/ipc_channel_win.cc, line 332
[Child 3384, Chrome_ChildThread] WARNING: pipe error: 109: file z:/build/build/src/ipc/chromium/src/chrome/common/ipc_channel_win.cc, line 332
1554565435009	Marionette	INFO	Stopped listening on port 52976

###!!! [Child][MessageChannel::SendAndWait] Error: Channel error: cannot send/recv

7051209705&adk=4056824245&adf=4220171631&w=728&lmt=1554565361&guci=2.2.0.0.2.2.0.0&url=https%3A%2F%2Faudionautix.com%2F&flash=0&wgl=1&dt=1554565360529&bpp=45&bdt=2035&fdt=1323&idt=1314&shv=r20190403&cbv=r20190131&saldr=sa&abxe=1&correlator=7467864681863&frm=20&pv=2&ga_vid=2000972228.1554565362&ga_sid=1554565362&ga_hid=972892362&ga_fc=0&icsg=579857066&dssz=21&mdo=0&mso=0&u_tz=330&u_his=1&u_java=0&u_h=1080&u_w=1920&u_ah=1080&u_aw=1920&u_cd=24&u_nplug=0&u_nmime=0&adx=271&ady=0&biw=1267&bih=930&scr_x=0&scr_y=0&eid=20040080%2C21060853&oid=3&rx=0&eae=0&fc=656&brdim=4%2C4%2C4%2C4%2C1920%2C0%2C1296%2C1011%2C1284%2C930&vis=1&rsz=%7C%7CeE%7C&abl=CS&ppjl=f&pfx=0&fu=16&bc=13&ifi=1&uci=a!1&xpc=ApoTb1ZNBY&p=https%3A//audionautix.com&dtd=1354, line 1: ReferenceError: buildAdSlot is not defined
JavaScript error: https://googleads.g.doubleclick.net/pagead/ads?client=ca-pub-6757707808126034&output=html&h=90&slotname=7051209705&adk=4056824245&adf=4220171631&w=728&lmt=1554565361&guci=2.2.0.0.2.2.0.0&url=https%3A%2F%2Faudionautix.com%2F&flash=0&wgl=1&dt=1554565360529&bpp=45&bdt=2035&fdt=1323&idt=1314&shv=r20190403&cbv=r20190131&saldr=sa&abxe=1&correlator=7467864681863&frm=20&pv=2&ga_vid=2000972228.1554565362&ga_sid=1554565362&ga_hid=972892362&ga_fc=0&icsg=579857066&dssz=21&mdo=0&mso=0&u_tz=330&u_his=1&u_java=0&u_h=1080&u_w=1920&u_ah=1080&u_aw=1920&u_cd=24&u_nplug=0&u_nmime=0&adx=271&ady=0&biw=1267&bih=930&scr_x=0&scr_y=0&eid=20040080%2C21060853&oid=3&rx=0&eae=0&fc=656&brdim=4%2C4%2C4%2C4%2C1920%2C0%2C1296%2C1011%2C1284%2C930&vis=1&rsz=%7C%7CeE%7C&abl=CS&ppjl=f&pfx=0&fu=16&bc=13&ifi=1&uci=a!1&xpc=ApoTb1ZNBY&p=https%3A//audionautix.com&dtd=1354, line 1: TypeError: _.x is not a function
JavaScript error: https://googleads.g.doubleclick.net/pagead/ads?client=ca-pub-6757707808126034&output=html&h=90&slotname=7051209705&adk=4056824245&adf=4220171631&w=728&lmt=1554565361&guci=2.2.0.0.2.2.0.0&url=https%3A%2F%2Faudionautix.com%2F&flash=0&wgl=1&dt=1554565360529&bpp=45&bdt=2035&fdt=1323&idt=1314&shv=r20190403&cbv=r20190131&saldr=sa&abxe=1&correlator=7467864681863&frm=20&pv=2&ga_vid=2000972228.1554565362&ga_sid=1554565362&ga_hid=972892362&ga_fc=0&icsg=579857066&dssz=21&mdo=0&mso=0&u_tz=330&u_his=1&u_java=0&u_h=1080&u_w=1920&u_ah=1080&u_aw=1920&u_cd=24&u_nplug=0&u_nmime=0&adx=271&ady=0&biw=1267&bih=930&scr_x=0&scr_y=0&eid=20040080%2C21060853&oid=3&rx=0&eae=0&fc=656&brdim=4%2C4%2C4%2C4%2C1920%2C0%2C1296%2C1011%2C1284%2C930&vis=1&rsz=%7C%7CeE%7C&abl=CS&ppjl=f&pfx=0&fu=16&bc=13&ifi=1&uci=a!1&xpc=ApoTb1ZNBY&p=https%3A//audionautix.com&dtd=1354, line 1: ReferenceError: init_icr is not defined
JavaScript error: https://googleads.g.doubleclick.net/pagead/ads?client=ca-pub-6757707808126034&output=html&h=90&slotname=7051209705&adk=4056824245&adf=4220171631&w=728&lmt=1554565361&guci=2.2.0.0.2.2.0.0&url=https%3A%2F%2Faudionautix.com%2F&flash=0&wgl=1&dt=1554565360529&bpp=45&bdt=2035&fdt=1323&idt=1314&shv=r20190403&cbv=r20190131&saldr=sa&abxe=1&correlator=7467864681863&frm=20&pv=2&ga_vid=2000972228.1554565362&ga_sid=1554565362&ga_hid=972892362&ga_fc=0&icsg=579857066&dssz=21&mdo=0&mso=0&u_tz=330&u_his=1&u_java=0&u_h=1080&u_w=1920&u_ah=1080&u_aw=1920&u_cd=24&u_nplug=0&u_nmime=0&adx=271&ady=0&biw=1267&bih=930&scr_x=0&scr_y=0&eid=20040080%2C21060853&oid=3&rx=0&eae=0&fc=656&brdim=4%2C4%2C4%2C4%2C1920%2C0%2C1296%2C1011%2C1284%2C930&vis=1&rsz=%7C%7CeE%7C&abl=CS&ppjl=f&pfx=0&fu=16&bc=13&ifi=1&uci=a!1&xpc=ApoTb1ZNBY&p=https%3A//audionautix.com&dtd=1354, line 1: TypeError: _.v is not a function
JavaScript error: https://googleads.g.doubleclick.net/pagead/ads?client=ca-pub-6757707808126034&output=html&h=90&slotname=7051209705&adk=4056824245&adf=4220171631&w=728&lmt=1554565361&guci=2.2.0.0.2.2.0.0&url=https%3A%2F%2Faudionautix.com%2F&flash=0&wgl=1&dt=1554565360529&bpp=45&bdt=2035&fdt=1323&idt=1314&shv=r20190403&cbv=r20190131&saldr=sa&abxe=1&correlator=7467864681863&frm=20&pv=2&ga_vid=2000972228.1554565362&ga_sid=1554565362&ga_hid=972892362&ga_fc=0&icsg=579857066&dssz=21&mdo=0&mso=0&u_tz=330&u_his=1&u_java=0&u_h=1080&u_w=1920&u_ah=1080&u_aw=1920&u_cd=24&u_nplug=0&u_nmime=0&adx=271&ady=0&biw=1267&bih=930&scr_x=0&scr_y=0&eid=20040080%2C21060853&oid=3&rx=0&eae=0&fc=656&brdim=4%2C4%2C4%2C4%2C1920%2C0%2C1296%2C1011%2C1284%2C930&vis=1&rsz=%7C%7CeE%7C&abl=CS&ppjl=f&pfx=0&fu=16&bc=13&ifi=1&uci=a!1&xpc=ApoTb1ZNBY&p=https%3A//audionautix.com&dtd=1354, line 1: ReferenceError: buildTextAd is not defined
JavaScript error: https://googleads.g.doubleclick.net/pagead/ads?client=ca-pub-6757707808126034&output=html&h=90&slotname=7051209705&adk=4056824245&adf=4220171631&w=728&lmt=1554565361&guci=2.2.0.0.2.2.0.0&url=https%3A%2F%2Faudionautix.com%2F&flash=0&wgl=1&dt=1554565360529&bpp=45&bdt=2035&fdt=1323&idt=1314&shv=r20190403&cbv=r20190131&saldr=sa&abxe=1&correlator=7467864681863&frm=20&pv=2&ga_vid=2000972228.1554565362&ga_sid=1554565362&ga_hid=972892362&ga_fc=0&icsg=579857066&dssz=21&mdo=0&mso=0&u_tz=330&u_his=1&u_java=0&u_h=1080&u_w=1920&u_ah=1080&u_aw=1920&u_cd=24&u_nplug=0&u_nmime=0&adx=271&ady=0&biw=1267&bih=930&scr_x=0&scr_y=0&eid=20040080%2C21060853&oid=3&rx=0&eae=0&fc=656&brdim=4%2C4%2C4%2C4%2C1920%2C0%2C1296%2C1011%2C1284%2C930&vis=1&rsz=%7C%7CeE%7C&abl=CS&ppjl=f&pfx=0&fu=16&bc=13&ifi=1&uci=a!1&xpc=ApoTb1ZNBY&p=https%3A//audionautix.com&dtd=1354, line 1: ReferenceError: adSlot is not defined
console.error: BroadcastService: 
  receivedBroadcastMessage: handler for
  remote-settings/monitor_changes
  threw error:
  Message: Error: Polling for changes failed: NetworkError when attempting to fetch resource..
  Stack:
    remoteSettingsFunction/remoteSettings.pollChanges@resource://services-settings/remote-settings.js:190:13

1554565429093	Marionette	INFO	Stopped listening on port 53139

###!!! [Child][RunMessage] Error: Channel closing: too late to send/recv, messages will be lost

[GPU 11256, Chrome_ChildThread] WARNING: pipe error: 109: file z:/build/build/src/ipc/chromium/src/chrome/common/ipc_channel_win.cc, line 332

###!!! [Child][MessageChannel::SendAndWait] Error: Channel error: cannot send/recv

1554565517699	mozrunner::runner	INFO	Running command: "C:\\Program Files\\Mozilla Firefox\\firefox.exe" "-marionette" "-foreground" "-no-remote" "-profile" "C:\\Users\\solan\\AppData\\Local\\Temp\\rust_mozprofile.RQehGHviCJOo"
1554565518134	addons.webextension.screenshots@mozilla.org	WARN	Loading extension 'screenshots@mozilla.org': Reading manifest: Invalid extension permission: mozillaAddons
1554565518134	addons.webextension.screenshots@mozilla.org	WARN	Loading extension 'screenshots@mozilla.org': Reading manifest: Invalid extension permission: resource://pdf.js/
1554565518135	addons.webextension.screenshots@mozilla.org	WARN	Loading extension 'screenshots@mozilla.org': Reading manifest: Invalid extension permission: about:reader*
1554565520313	Marionette	INFO	Listening on port 53245
1554565520483	Marionette	WARN	TLS certificate errors will be ignored for this session
console.error: BroadcastService: 
  receivedBroadcastMessage: handler for
  remote-settings/monitor_changes
  threw error:
  Message: Error: Polling for changes failed: NetworkError when attempting to fetch resource..
  Stack:
    remoteSettingsFunction/remoteSettings.pollChanges@resource://services-settings/remote-settings.js:190:13

IPDL protocol error: Handler returned error code!

###!!! [Parent][DispatchAsyncMessage] Error: PAPZCTreeManager::Msg_SetTargetAPZC Processing error: message was deserialized, but the handler returned false (indicating failure)

[Parent 3712, Gecko_IOThread] WARNING: pipe error: 109: file z:/build/build/src/ipc/chromium/src/chrome/common/ipc_channel_win.cc, line 332
1554566859171	Marionette	INFO	Stopped listening on port 53245

###!!! [Child][MessageChannel::SendAndWait] Error: Channel error: cannot send/recv

1554566867015	mozrunner::runner	INFO	Running command: "C:\\Program Files\\Mozilla Firefox\\firefox.exe" "-marionette" "-foreground" "-no-remote" "-profile" "C:\\Users\\solan\\AppData\\Local\\Temp\\rust_mozprofile.mjQLZOXpW4Mi"
1554566867466	addons.webextension.screenshots@mozilla.org	WARN	Loading extension 'screenshots@mozilla.org': Reading manifest: Invalid extension permission: mozillaAddons
1554566867466	addons.webextension.screenshots@mozilla.org	WARN	Loading extension 'screenshots@mozilla.org': Reading manifest: Invalid extension permission: resource://pdf.js/
1554566867466	addons.webextension.screenshots@mozilla.org	WARN	Loading extension 'screenshots@mozilla.org': Reading manifest: Invalid extension permission: about:reader*
1554566869681	Marionette	INFO	Listening on port 53593
1554566869815	Marionette	WARN	TLS certificate errors will be ignored for this session
console.error: BroadcastService: 
  receivedBroadcastMessage: handler for
  remote-settings/monitor_changes
  threw error:
  Message: Error: Polling for changes failed: NetworkError when attempting to fetch resource..
  Stack:
    remoteSettingsFunction/remoteSettings.pollChanges@resource://services-settings/remote-settings.js:190:13

[Parent 6984, Gecko_IOThread] WARNING: pipe error: 109: file z:/build/build/src/ipc/chromium/src/chrome/common/ipc_channel_win.cc, line 332
1554567553179	Marionette	INFO	Stopped listening on port 53593
[GPU 5628, Chrome_ChildThread] WARNING
###!!! [Child][MessageChannel::SendAndWait] Error: Channel error: cannot send/recv

